#-----------------------------------------------------------
# Vivado v2018.2 (64-bit)
# SW Build 2258646 on Thu Jun 14 20:03:12 MDT 2018
# IP Build 2256618 on Thu Jun 14 22:10:49 MDT 2018
# Start of session at: Tue Feb 27 18:31:19 2024
# Process ID: 15504
# Current directory: C:/Users/Jamar.Price/Desktop/ece281-lab2/binaryHexDisp
# Command line: vivado.exe -gui_launcher_event rodinguilauncherevent16592 C:\Users\Jamar.Price\Desktop\ece281-lab2\binaryHexDisp\binaryHexDisp.xpr
# Log file: C:/Users/Jamar.Price/Desktop/ece281-lab2/binaryHexDisp/vivado.log
# Journal file: C:/Users/Jamar.Price/Desktop/ece281-lab2/binaryHexDisp\vivado.jou
#-----------------------------------------------------------
start_gui
open_project C:/Users/Jamar.Price/Desktop/ece281-lab2/binaryHexDisp/binaryHexDisp.xpr
CRITICAL WARNING: [Project 1-19] Could not find the file 'C:/Users/Jamar.Price/Desktop/ece281-lab2/binaryHexDisp/binaryHexDisp.srcs/sources_1/imports/hdl/top_basys3.vhd'.
CRITICAL WARNING: [Project 1-19] Could not find the file 'C:/Users/Jamar.Price/Desktop/ece281-lab2/binaryHexDisp/binaryHexDisp.srcs/sources_1/imports/hdl/sevenSegDecoder.vhd'.
CRITICAL WARNING: [Project 1-19] Could not find the file 'C:/Users/Jamar.Price/Desktop/ece281-lab2/binaryHexDisp/binaryHexDisp.srcs/constrs_1/imports/hdl/Basys3_Master.xdc'.
CRITICAL WARNING: [Project 1-19] Could not find the file 'C:/Users/Jamar.Price/Desktop/ece281-lab2/binaryHexDisp/binaryHexDisp.srcs/sim_1/imports/hdl/sevenSegDecode_tb.vhd'.
Scanning sources...
Finished scanning sources
INFO: [IP_Flow 19-234] Refreshing IP repositories
INFO: [IP_Flow 19-1704] No user IP repositories specified
INFO: [IP_Flow 19-2313] Loaded Vivado IP repository 'C:/Vivado/2018.2/data/ip'.
open_project: Time (s): cpu = 00:00:04 ; elapsed = 00:00:06 . Memory (MB): peak = 840.039 ; gain = 114.180
exit
INFO: [Common 17-206] Exiting Vivado at Tue Feb 27 18:32:32 2024...
